<?xml version="1.0" encoding="UTF-8"?>
<testng-results ignored="0" total="1" passed="1" failed="0" skipped="0">
  <reporter-output>
  </reporter-output>
  <suite started-at="2022-10-01T18:07:45 IST" name="Default suite" finished-at="2022-10-01T18:08:11 IST" duration-ms="26152">
    <groups>
    </groups>
    <test started-at="2022-10-01T18:07:45 IST" name="Default test" finished-at="2022-10-01T18:08:11 IST" duration-ms="26152">
      <class name="Maven_package.madhu_find.Find_madhu">
        <test-method signature="madhuf()[pri:1, instance:Maven_package.madhu_find.Find_madhu@7205765b]" started-at="2022-10-01T18:07:45 IST" name="madhuf" finished-at="2022-10-01T18:08:11 IST" duration-ms="26081" status="PASS">
          <reporter-output>
          </reporter-output>
        </test-method> <!-- madhuf -->
      </class> <!-- Maven_package.madhu_find.Find_madhu -->
    </test> <!-- Default test -->
  </suite> <!-- Default suite -->
</testng-results>
